This is pdfTeX, Version 3.14159265-2.6-1.40.18 (TeX Live 2017/Debian) (preloaded format=pdflatex 2019.11.29)  29 NOV 2019 09:30
entering extended mode
 restricted \write18 enabled.
 %&-line parsing enabled.
**Rapport.tex
(./Rapport.tex
LaTeX2e <2017-04-15>
Babel <3.18> and hyphenation patterns for 84 language(s) loaded.
(./report-rd-info.cls
Document Class: report-rd-info 2015/02/09 report-rd-info version 2.8
(c) 2008-2015 Jos\'e Martinez, \'Ecole polytechnique de l'universit\'e de Nante
s
 
\rese@rchlevel=\count79
(/usr/share/texlive/texmf-dist/tex/latex/base/report.cls
Document Class: report 2014/09/29 v1.4h Standard LaTeX document class
(/usr/share/texlive/texmf-dist/tex/latex/base/size11.clo
File: size11.clo 2014/09/29 v1.4h Standard LaTeX file (size option)
)
\c@part=\count80
\c@chapter=\count81
\c@section=\count82
\c@subsection=\count83
\c@subsubsection=\count84
\c@paragraph=\count85
\c@subparagraph=\count86
\c@figure=\count87
\c@table=\count88
\abovecaptionskip=\skip41
\belowcaptionskip=\skip42
\bibindent=\dimen102
)
(/usr/share/texlive/texmf-dist/tex/latex/xcolor/xcolor.sty
Package: xcolor 2016/05/11 v2.12 LaTeX color extensions (UK)

(/usr/share/texlive/texmf-dist/tex/latex/graphics-cfg/color.cfg
File: color.cfg 2016/01/02 v1.6 sample color configuration
)
Package xcolor Info: Driver file: pdftex.def on input line 225.

(/usr/share/texlive/texmf-dist/tex/latex/graphics-def/pdftex.def
File: pdftex.def 2018/01/08 v1.0l Graphics/color driver for pdftex
)
Package xcolor Info: Model `cmy' substituted by `cmy0' on input line 1348.
Package xcolor Info: Model `hsb' substituted by `rgb' on input line 1352.
Package xcolor Info: Model `RGB' extended on input line 1364.
Package xcolor Info: Model `HTML' substituted by `rgb' on input line 1366.
Package xcolor Info: Model `Hsb' substituted by `hsb' on input line 1367.
Package xcolor Info: Model `tHsb' substituted by `hsb' on input line 1368.
Package xcolor Info: Model `HSB' substituted by `hsb' on input line 1369.
Package xcolor Info: Model `Gray' substituted by `gray' on input line 1370.
Package xcolor Info: Model `wave' substituted by `hsb' on input line 1371.
)
(/usr/share/texlive/texmf-dist/tex/latex/graphics/graphicx.sty
Package: graphicx 2017/06/01 v1.1a Enhanced LaTeX Graphics (DPC,SPQR)

(/usr/share/texlive/texmf-dist/tex/latex/graphics/keyval.sty
Package: keyval 2014/10/28 v1.15 key=value parser (DPC)
\KV@toks@=\toks14
)
(/usr/share/texlive/texmf-dist/tex/latex/graphics/graphics.sty
Package: graphics 2017/06/25 v1.2c Standard LaTeX Graphics (DPC,SPQR)

(/usr/share/texlive/texmf-dist/tex/latex/graphics/trig.sty
Package: trig 2016/01/03 v1.10 sin cos tan (DPC)
)
(/usr/share/texlive/texmf-dist/tex/latex/graphics-cfg/graphics.cfg
File: graphics.cfg 2016/06/04 v1.11 sample graphics configuration
)
Package graphics Info: Driver file: pdftex.def on input line 99.
)
\Gin@req@height=\dimen103
\Gin@req@width=\dimen104
)
(/usr/share/texlive/texmf-dist/tex/latex/psnfss/times.sty
Package: times 2005/04/12 PSNFSS-v9.2a (SPQR) 
)
(/usr/share/texlive/texmf-dist/tex/latex/geometry/geometry.sty
Package: geometry 2010/09/12 v5.6 Page Geometry

(/usr/share/texlive/texmf-dist/tex/generic/oberdiek/ifpdf.sty
Package: ifpdf 2017/03/15 v3.2 Provides the ifpdf switch
)
(/usr/share/texlive/texmf-dist/tex/generic/oberdiek/ifvtex.sty
Package: ifvtex 2016/05/16 v1.6 Detect VTeX and its facilities (HO)
Package ifvtex Info: VTeX not detected.
)
(/usr/share/texlive/texmf-dist/tex/generic/ifxetex/ifxetex.sty
Package: ifxetex 2010/09/12 v0.6 Provides ifxetex conditional
)
\Gm@cnth=\count89
\Gm@cntv=\count90
\c@Gm@tempcnt=\count91
\Gm@bindingoffset=\dimen105
\Gm@wd@mp=\dimen106
\Gm@odd@mp=\dimen107
\Gm@even@mp=\dimen108
\Gm@layoutwidth=\dimen109
\Gm@layoutheight=\dimen110
\Gm@layouthoffset=\dimen111
\Gm@layoutvoffset=\dimen112
\Gm@dimlist=\toks15
)
(/usr/share/texlive/texmf-dist/tex/latex/base/ifthen.sty
Package: ifthen 2014/09/29 v1.1c Standard LaTeX ifthen package (DPC)
)
(/usr/share/texlive/texmf-dist/tex/latex/hyperref/hyperref.sty
Package: hyperref 2018/02/06 v6.86b Hypertext links for LaTeX

(/usr/share/texlive/texmf-dist/tex/generic/oberdiek/hobsub-hyperref.sty
Package: hobsub-hyperref 2016/05/16 v1.14 Bundle oberdiek, subset hyperref (HO)


(/usr/share/texlive/texmf-dist/tex/generic/oberdiek/hobsub-generic.sty
Package: hobsub-generic 2016/05/16 v1.14 Bundle oberdiek, subset generic (HO)
Package: hobsub 2016/05/16 v1.14 Construct package bundles (HO)
Package: infwarerr 2016/05/16 v1.4 Providing info/warning/error messages (HO)
Package: ltxcmds 2016/05/16 v1.23 LaTeX kernel commands for general use (HO)
Package: ifluatex 2016/05/16 v1.4 Provides the ifluatex switch (HO)
Package ifluatex Info: LuaTeX not detected.
Package hobsub Info: Skipping package `ifvtex' (already loaded).
Package: intcalc 2016/05/16 v1.2 Expandable calculations with integers (HO)
Package hobsub Info: Skipping package `ifpdf' (already loaded).
Package: etexcmds 2016/05/16 v1.6 Avoid name clashes with e-TeX commands (HO)
Package etexcmds Info: Could not find \expanded.
(etexcmds)             That can mean that you are not using pdfTeX 1.50 or
(etexcmds)             that some package has redefined \expanded.
(etexcmds)             In the latter case, load this package earlier.
Package: kvsetkeys 2016/05/16 v1.17 Key value parser (HO)
Package: kvdefinekeys 2016/05/16 v1.4 Define keys (HO)
Package: pdftexcmds 2018/01/21 v0.26 Utility functions of pdfTeX for LuaTeX (HO
)
Package pdftexcmds Info: LuaTeX not detected.
Package pdftexcmds Info: \pdf@primitive is available.
Package pdftexcmds Info: \pdf@ifprimitive is available.
Package pdftexcmds Info: \pdfdraftmode found.
Package: pdfescape 2016/05/16 v1.14 Implements pdfTeX's escape features (HO)
Package: bigintcalc 2016/05/16 v1.4 Expandable calculations on big integers (HO
)
Package: bitset 2016/05/16 v1.2 Handle bit-vector datatype (HO)
Package: uniquecounter 2016/05/16 v1.3 Provide unlimited unique counter (HO)
)
Package hobsub Info: Skipping package `hobsub' (already loaded).
Package: letltxmacro 2016/05/16 v1.5 Let assignment for LaTeX macros (HO)
Package: hopatch 2016/05/16 v1.3 Wrapper for package hooks (HO)
Package: xcolor-patch 2016/05/16 xcolor patch
Package: atveryend 2016/05/16 v1.9 Hooks at the very end of document (HO)
Package atveryend Info: \enddocument detected (standard20110627).
Package: atbegshi 2016/06/09 v1.18 At begin shipout hook (HO)
Package: refcount 2016/05/16 v3.5 Data extraction from label references (HO)
Package: hycolor 2016/05/16 v1.8 Color options for hyperref/bookmark (HO)
)
(/usr/share/texlive/texmf-dist/tex/latex/oberdiek/auxhook.sty
Package: auxhook 2016/05/16 v1.4 Hooks for auxiliary files (HO)
)
(/usr/share/texlive/texmf-dist/tex/latex/oberdiek/kvoptions.sty
Package: kvoptions 2016/05/16 v3.12 Key value format for package options (HO)
)
\@linkdim=\dimen113
\Hy@linkcounter=\count92
\Hy@pagecounter=\count93

(/usr/share/texlive/texmf-dist/tex/latex/hyperref/pd1enc.def
File: pd1enc.def 2018/02/06 v6.86b Hyperref: PDFDocEncoding definition (HO)
)
\Hy@SavedSpaceFactor=\count94

(/usr/share/texlive/texmf-dist/tex/latex/latexconfig/hyperref.cfg
File: hyperref.cfg 2002/06/06 v1.2 hyperref configuration of TeXLive
)
Package hyperref Info: Option `bookmarks' set `true' on input line 4383.
Package hyperref Info: Option `colorlinks' set `true' on input line 4383.
Package hyperref Info: Option `hyperfigures' set `true' on input line 4383.
Package hyperref Info: Option `breaklinks' set `true' on input line 4383.
Package hyperref Info: Option `bookmarksopen' set `true' on input line 4383.
Package hyperref Info: Hyper figures ON on input line 4507.
Package hyperref Info: Link nesting OFF on input line 4514.
Package hyperref Info: Hyper index ON on input line 4517.
Package hyperref Info: Plain pages OFF on input line 4524.
Package hyperref Info: Backreferencing ON on input line 4527.
Package hyperref Info: Implicit mode ON; LaTeX internals redefined.
Package hyperref Info: Bookmarks ON on input line 4762.

(/usr/share/texlive/texmf-dist/tex/latex/hyperref/backref.sty
Package: backref 2016/05/21 v1.39 Bibliographical back referencing

(/usr/share/texlive/texmf-dist/tex/latex/oberdiek/rerunfilecheck.sty
Package: rerunfilecheck 2016/05/16 v1.8 Rerun checks for auxiliary files (HO)
Package uniquecounter Info: New unique counter `rerunfilecheck' on input line 2
82.
))
\c@Hy@tempcnt=\count95

(/usr/share/texlive/texmf-dist/tex/latex/url/url.sty
\Urlmuskip=\muskip10
Package: url 2013/09/16  ver 3.4  Verb mode for urls, etc.
)
LaTeX Info: Redefining \url on input line 5115.
\XeTeXLinkMargin=\dimen114
\Fld@menulength=\count96
\Field@Width=\dimen115
\Fld@charsize=\dimen116
Package hyperref Info: Hyper figures ON on input line 6367.
Package hyperref Info: Link nesting OFF on input line 6374.
Package hyperref Info: Hyper index ON on input line 6377.
Package hyperref Info: backreferencing ON on input line 6382.
Package hyperref Info: Link coloring ON on input line 6387.
Package hyperref Info: Link coloring with OCG OFF on input line 6394.
Package hyperref Info: PDF/A mode OFF on input line 6399.
LaTeX Info: Redefining \ref on input line 6439.
LaTeX Info: Redefining \pageref on input line 6443.
\Hy@abspage=\count97
\c@Item=\count98
\c@Hfootnote=\count99
)
Package hyperref Info: Driver (autodetected): hpdftex.

(/usr/share/texlive/texmf-dist/tex/latex/hyperref/hpdftex.def
File: hpdftex.def 2018/02/06 v6.86b Hyperref driver for pdfTeX
\Fld@listcount=\count100
\c@bookmark@seq@number=\count101
\Hy@SectionHShift=\skip43
)
(/usr/share/texlive/texmf-dist/tex/generic/babel/babel.sty
Package: babel 2018/02/14 3.18 The Babel package

(/usr/share/texlive/texmf-dist/tex/generic/babel/switch.def
File: switch.def 2018/02/14 3.18 Babel switching mechanism
)
(/usr/share/texlive/texmf-dist/tex/generic/babel-french/french.ldf
Language: french 2018/02/04 v3.4b French support from the babel system

(/usr/share/texlive/texmf-dist/tex/generic/babel/babel.def
File: babel.def 2018/02/14 3.18 Babel common definitions
\babel@savecnt=\count102
\U@D=\dimen117

(/usr/share/texlive/texmf-dist/tex/generic/babel/txtbabel.def)
\bbl@dirlevel=\count103
)
\l@acadian = a dialect from \language\l@french 
\FB@nonchar=\count104
Package babel Info: Making : an active character on input line 411.
Package babel Info: Making ; an active character on input line 412.
Package babel Info: Making ! an active character on input line 413.
Package babel Info: Making ? an active character on input line 414.
\FBguill@level=\count105
\FB@everypar=\toks16
\FB@Mht=\dimen118
\mc@charclass=\count106
\mc@charfam=\count107
\mc@charslot=\count108
\std@mcc=\count109
\dec@mcc=\count110
\c@FBcaption@count=\count111
\listindentFB=\skip44
\descindentFB=\skip45
\labelwidthFB=\skip46
\leftmarginFB=\skip47
\parindentFFN=\dimen119
\FBfnindent=\skip48
)
(/usr/share/texlive/texmf-dist/tex/generic/babel-english/english.ldf
Language: english 2017/06/06 v3.3r English support from the babel system
\l@canadian = a dialect from \language\l@american 
\l@australian = a dialect from \language\l@british 
\l@newzealand = a dialect from \language\l@british 
)

Package babel Warning: Last declared language option is `french',
(babel)                but the last processed one was `english'.
(babel)                The main language cannot be set as both a global
(babel)                and a package option. Use `main=french' as
(babel)                option. Reported on input line 460.

) (/usr/share/texlive/texmf-dist/tex/latex/carlisle/scalefnt.sty)
(/usr/share/texlive/texmf-dist/tex/latex/multirow/multirow.sty
Package: multirow 2016/11/25 v2.2 Span multiple rows of a table
\multirow@colwidth=\skip49
\multirow@cntb=\count112
\multirow@dima=\skip50
\bigstrutjot=\dimen120
)
(/usr/share/texlive/texmf-dist/tex/latex/tools/calc.sty
Package: calc 2014/10/28 v4.3 Infix arithmetic (KKT,FJ)
\calc@Acount=\count113
\calc@Bcount=\count114
\calc@Adimen=\dimen121
\calc@Bdimen=\dimen122
\calc@Askip=\skip51
\calc@Bskip=\skip52
LaTeX Info: Redefining \setlength on input line 80.
LaTeX Info: Redefining \addtolength on input line 81.
\calc@Ccount=\count115
\calc@Cskip=\skip53
)
\@abstractBox=\box26
\@abstractBoxGlobal=\box27
\@classificationBox=\box28
\@classificationBoxGlobal=\box29
\c@sem@ine=\count116
\c@incrementb@sheures=\count117
\c@incrementb@sminutes=\count118
\c@incrementh@utheures=\count119
\c@incrementh@utminutes=\count120
\c@b@sheures=\count121
\c@b@sminutes=\count122
\c@h@utheures=\count123
\c@h@utminutes=\count124
\c@accumulateurheuresA=\count125
\c@accumulateurminutesA=\count126
\c@accumulateurheuresB=\count127
\c@accumulateurminutesB=\count128
\c@ratioAbas=\count129
\c@ratioBbas=\count130
\c@ratioAhaut=\count131
\c@ratioBhaut=\count132
\summaryfile=\write3
\openout3 = `report-rd-summary.tex'.

)
(/usr/share/texlive/texmf-dist/tex/latex/base/inputenc.sty
Package: inputenc 2015/03/17 v1.2c Input encoding file
\inpenc@prehook=\toks17
\inpenc@posthook=\toks18

(/usr/share/texlive/texmf-dist/tex/latex/base/latin1.def
File: latin1.def 2015/03/17 v1.2c Input encoding file
))
(/usr/share/texlive/texmf-dist/tex/latex/base/fontenc.sty
Package: fontenc 2017/04/05 v2.0i Standard LaTeX package

(/usr/share/texlive/texmf-dist/tex/latex/base/t1enc.def
File: t1enc.def 2017/04/05 v2.0i Standard LaTeX file
LaTeX Font Info:    Redeclaring font encoding T1 on input line 48.
))
(/usr/share/texlive/texmf-dist/tex/latex/tools/enumerate.sty
Package: enumerate 2015/07/23 v3.00 enumerate extensions (DPC)
\@enLab=\toks19
)
(/usr/share/texlive/texmf-dist/tex/latex/amsmath/amsmath.sty
Package: amsmath 2017/09/02 v2.17a AMS math features
\@mathmargin=\skip54

For additional information on amsmath, use the `?' option.
(/usr/share/texlive/texmf-dist/tex/latex/amsmath/amstext.sty
Package: amstext 2000/06/29 v2.01 AMS text

(/usr/share/texlive/texmf-dist/tex/latex/amsmath/amsgen.sty
File: amsgen.sty 1999/11/30 v2.0 generic functions
\@emptytoks=\toks20
\ex@=\dimen123
))
(/usr/share/texlive/texmf-dist/tex/latex/amsmath/amsbsy.sty
Package: amsbsy 1999/11/29 v1.2d Bold Symbols
\pmbraise@=\dimen124
)
(/usr/share/texlive/texmf-dist/tex/latex/amsmath/amsopn.sty
Package: amsopn 2016/03/08 v2.02 operator names
)
\inf@bad=\count133
LaTeX Info: Redefining \frac on input line 213.
\uproot@=\count134
\leftroot@=\count135
LaTeX Info: Redefining \overline on input line 375.
\classnum@=\count136
\DOTSCASE@=\count137
LaTeX Info: Redefining \ldots on input line 472.
LaTeX Info: Redefining \dots on input line 475.
LaTeX Info: Redefining \cdots on input line 596.
\Mathstrutbox@=\box30
\strutbox@=\box31
\big@size=\dimen125
LaTeX Font Info:    Redeclaring font encoding OML on input line 712.
LaTeX Font Info:    Redeclaring font encoding OMS on input line 713.
\macc@depth=\count138
\c@MaxMatrixCols=\count139
\dotsspace@=\muskip11
\c@parentequation=\count140
\dspbrk@lvl=\count141
\tag@help=\toks21
\row@=\count142
\column@=\count143
\maxfields@=\count144
\andhelp@=\toks22
\eqnshift@=\dimen126
\alignsep@=\dimen127
\tagshift@=\dimen128
\tagwidth@=\dimen129
\totwidth@=\dimen130
\lineht@=\dimen131
\@envbody=\toks23
\multlinegap=\skip55
\multlinetaggap=\skip56
\mathdisplay@stack=\toks24
LaTeX Info: Redefining \[ on input line 2817.
LaTeX Info: Redefining \] on input line 2818.
)
(/usr/share/texlive/texmf-dist/tex/latex/amsfonts/amssymb.sty
Package: amssymb 2013/01/14 v3.01 AMS font symbols

(/usr/share/texlive/texmf-dist/tex/latex/amsfonts/amsfonts.sty
Package: amsfonts 2013/01/14 v3.01 Basic AMSFonts support
\symAMSa=\mathgroup4
\symAMSb=\mathgroup5
LaTeX Font Info:    Overwriting math alphabet `\mathfrak' in version `bold'
(Font)                  U/euf/m/n --> U/euf/b/n on input line 106.
))
(/usr/share/texlive/texmf-dist/tex/latex/algorithms/algorithm.sty
Package: algorithm 2009/08/24 v0.1 Document Style `algorithm' - floating enviro
nment

(/usr/share/texlive/texmf-dist/tex/latex/float/float.sty
Package: float 2001/11/08 v1.3d Float enhancements (AL)
\c@float@type=\count145
\float@exts=\toks25
\float@box=\box32
\@float@everytoks=\toks26
\@floatcapt=\box33
)
\@float@every@algorithm=\toks27
\c@algorithm=\count146
)
(/usr/share/texlive/texmf-dist/tex/latex/listings/listings.sty
\lst@mode=\count147
\lst@gtempboxa=\box34
\lst@token=\toks28
\lst@length=\count148
\lst@currlwidth=\dimen132
\lst@column=\count149
\lst@pos=\count150
\lst@lostspace=\dimen133
\lst@width=\dimen134
\lst@newlines=\count151
\lst@lineno=\count152
\lst@maxwidth=\dimen135

(/usr/share/texlive/texmf-dist/tex/latex/listings/lstmisc.sty
File: lstmisc.sty 2015/06/04 1.6 (Carsten Heinz)
\c@lstnumber=\count153
\lst@skipnumbers=\count154
\lst@framebox=\box35
)
(/usr/share/texlive/texmf-dist/tex/latex/listings/listings.cfg
File: listings.cfg 2015/06/04 1.6 listings configuration
))
Package: listings 2015/06/04 1.6 (Carsten Heinz)

(/usr/share/texlive/texmf-dist/tex/latex/algorithms/algorithmic.sty
Package: algorithmic 2009/08/24 v0.1 Document Style `algorithmic'
\c@ALC@unique=\count155
\c@ALC@line=\count156
\c@ALC@rem=\count157
\c@ALC@depth=\count158
\ALC@tlm=\skip57
\algorithmicindent=\skip58
)
(/usr/share/texlive/texmf-dist/tex/latex/amscls/amsthm.sty
Package: amsthm 2017/10/31 v2.20.4
\thm@style=\toks29
\thm@bodyfont=\toks30
\thm@headfont=\toks31
\thm@notefont=\toks32
\thm@headpunct=\toks33
\thm@preskip=\skip59
\thm@postskip=\skip60
\thm@headsep=\skip61
\dth@everypar=\toks34
)
\c@theoreme=\count159
\c@preuve=\count160
 (./Rapport.aux)
\openout1 = `Rapport.aux'.

LaTeX Font Info:    Checking defaults for OML/cmm/m/it on input line 43.
LaTeX Font Info:    ... okay on input line 43.
LaTeX Font Info:    Checking defaults for T1/cmr/m/n on input line 43.
LaTeX Font Info:    ... okay on input line 43.
LaTeX Font Info:    Checking defaults for OT1/cmr/m/n on input line 43.
LaTeX Font Info:    ... okay on input line 43.
LaTeX Font Info:    Checking defaults for OMS/cmsy/m/n on input line 43.
LaTeX Font Info:    ... okay on input line 43.
LaTeX Font Info:    Checking defaults for OMX/cmex/m/n on input line 43.
LaTeX Font Info:    ... okay on input line 43.
LaTeX Font Info:    Checking defaults for U/cmr/m/n on input line 43.
LaTeX Font Info:    ... okay on input line 43.
LaTeX Font Info:    Checking defaults for PD1/pdf/m/n on input line 43.
LaTeX Font Info:    ... okay on input line 43.
LaTeX Font Info:    Try loading font information for T1+ptm on input line 43.

(/usr/share/texlive/texmf-dist/tex/latex/psnfss/t1ptm.fd
File: t1ptm.fd 2001/06/04 font definitions for T1/ptm.
)
(/usr/share/texlive/texmf-dist/tex/context/base/mkii/supp-pdf.mkii
[Loading MPS to PDF converter (version 2006.09.02).]
\scratchcounter=\count161
\scratchdimen=\dimen136
\scratchbox=\box36
\nofMPsegments=\count162
\nofMParguments=\count163
\everyMPshowfont=\toks35
\MPscratchCnt=\count164
\MPscratchDim=\dimen137
\MPnumerator=\count165
\makeMPintoPDFobject=\count166
\everyMPtoPDFconversion=\toks36
) (/usr/share/texlive/texmf-dist/tex/latex/oberdiek/epstopdf-base.sty
Package: epstopdf-base 2016/05/15 v2.6 Base part for package epstopdf

(/usr/share/texlive/texmf-dist/tex/latex/oberdiek/grfext.sty
Package: grfext 2016/05/16 v1.2 Manage graphics extensions (HO)
)
Package epstopdf-base Info: Redefining graphics rule for `.eps' on input line 4
38.
Package grfext Info: Graphics extension search list:
(grfext)             [.pdf,.png,.jpg,.mps,.jpeg,.jbig2,.jb2,.PDF,.PNG,.JPG,.JPE
G,.JBIG2,.JB2,.eps]
(grfext)             \AppendGraphicsExtensions on input line 456.

(/usr/share/texlive/texmf-dist/tex/latex/latexconfig/epstopdf-sys.cfg
File: epstopdf-sys.cfg 2010/07/13 v1.3 Configuration of (r)epstopdf for TeX Liv
e
))
*geometry* driver: auto-detecting
*geometry* detected driver: pdftex
*geometry* verbose mode - [ preamble ] result:
* driver: pdftex
* paper: screen
* layout: <same size as paper>
* layoutoffset:(h,v)=(0.0pt,0.0pt)
* modes: 
* h-part:(L,W,R)=(42.67912pt, 526.37599pt, 71.13188pt)
* v-part:(T,H,B)=(42.67912pt, 426.79135pt, 42.67912pt)
* \paperwidth=640.187pt
* \paperheight=512.1496pt
* \textwidth=526.37599pt
* \textheight=426.79135pt
* \oddsidemargin=-29.59087pt
* \evensidemargin=-29.59087pt
* \topmargin=-66.59087pt
* \headheight=12.0pt
* \headsep=25.0pt
* \topskip=11.0pt
* \footskip=30.0pt
* \marginparwidth=4.0pt
* \marginparsep=10.0pt
* \columnsep=27.37506pt
* \skip\footins=10.0pt plus 4.0pt minus 2.0pt
* \hoffset=0.0pt
* \voffset=0.0pt
* \mag=1000
* \@twocolumntrue
* \@twosidefalse
* \@mparswitchfalse
* \@reversemarginfalse
* (1in=72.27pt=25.4mm, 1cm=28.453pt)

\AtBeginShipoutBox=\box37
Package hyperref Info: Link coloring ON on input line 43.
(/usr/share/texlive/texmf-dist/tex/latex/hyperref/nameref.sty
Package: nameref 2016/05/21 v2.44 Cross-referencing by name of section

(/usr/share/texlive/texmf-dist/tex/generic/oberdiek/gettitlestring.sty
Package: gettitlestring 2016/05/16 v1.5 Cleanup title references (HO)
)
\c@section@level=\count167
)
LaTeX Info: Redefining \ref on input line 43.
LaTeX Info: Redefining \pageref on input line 43.
LaTeX Info: Redefining \nameref on input line 43.

(./Rapport.out) (./Rapport.out)
\@outlinefile=\write4
\openout4 = `Rapport.out'.

LaTeX Info: Redefining \degres on input line 43.
LaTeX Info: Redefining \dots on input line 43.
LaTeX Info: Redefining \up on input line 43.
\c@lstlisting=\count168
LaTeX Font Info:    Font shape `T1/ptm/bx/n' in size <10.95> not available
(Font)              Font shape `T1/ptm/b/n' tried instead on input line 76.

Underfull \hbox (badness 1454) in paragraph at lines 78--81
\T1/ptm/m/n/10.95 Comme son nom l'in-dique, le ré-sumé condense en
 []

LaTeX Font Info:    Try loading font information for U+msa on input line 93.
(/usr/share/texlive/texmf-dist/tex/latex/amsfonts/umsa.fd
File: umsa.fd 2013/01/14 v3.01 AMS symbols A
)
LaTeX Font Info:    Try loading font information for U+msb on input line 93.

(/usr/share/texlive/texmf-dist/tex/latex/amsfonts/umsb.fd
File: umsb.fd 2013/01/14 v3.01 AMS symbols B
)
LaTeX Font Info:    Try loading font information for T1+pcr on input line 99.

(/usr/share/texlive/texmf-dist/tex/latex/psnfss/t1pcr.fd
File: t1pcr.fd 2001/06/04 font definitions for T1/pcr.
)
Underfull \hbox (badness 1400) in paragraph at lines 109--109
\T1/ptm/b/n/10.95 Ap-pli-ca-tions\T1/ptm/m/n/10.95 ]: Image da-ta-bases; H.3.3 
[\T1/ptm/b/n/10.95 In-for-ma-tion
 []

<logos/PolytechNantes-vertical.pdf, id=97, 55.42506pt x 192.10057pt>
File: logos/PolytechNantes-vertical.pdf Graphic file (type pdf)
<use logos/PolytechNantes-vertical.pdf>
Package pdftex.def Info: logos/PolytechNantes-vertical.pdf  used on input line 
111.
(pdftex.def)             Requested size: 123.14232pt x 426.79135pt.
LaTeX Font Info:    Font shape `T1/ptm/bx/n' in size <12> not available
(Font)              Font shape `T1/ptm/b/n' tried instead on input line 111.
LaTeX Font Info:    Font shape `T1/ptm/bx/sc' in size <12> not available
(Font)              Font shape `T1/ptm/b/sc' tried instead on input line 111.
<logos/LS2N.pdf, id=98, 196.03252pt x 189.93518pt>
File: logos/LS2N.pdf Graphic file (type pdf)
<use logos/LS2N.pdf>
Package pdftex.def Info: logos/LS2N.pdf  used on input line 111.
(pdftex.def)             Requested size: 44.04857pt x 42.67912pt.
<logos/inria.pdf, id=99, 310.15875pt x 135.50626pt>
File: logos/inria.pdf Graphic file (type pdf)
<use logos/inria.pdf>
Package pdftex.def Info: logos/inria.pdf  used on input line 111.
(pdftex.def)             Requested size: 85.35826pt x 37.29224pt.
<logos/UnivNantes.pdf, id=100, 284.52798pt x 154.53624pt>
File: logos/UnivNantes.pdf Graphic file (type pdf)
<use logos/UnivNantes.pdf>
Package pdftex.def Info: logos/UnivNantes.pdf  used on input line 111.
(pdftex.def)             Requested size: 78.57756pt x 42.67912pt.
[1


{/var/lib/texmf/fonts/map/pdftex/updmap/pdftex.map} <./logos/PolytechNantes-ver
tical.pdf> <./logos/LS2N.pdf

pdfTeX warning: pdflatex (file ./logos/LS2N.pdf): PDF inclusion: multiple pdfs 
with page group included in a single page
> <./logos/inria.pdf

pdfTeX warning: pdflatex (file ./logos/inria.pdf): PDF inclusion: multiple pdfs
 with page group included in a single page
> <./logos/UnivNantes.pdf

pdfTeX warning: pdflatex (file ./logos/UnivNantes.pdf): PDF inclusion: multiple
 pdfs with page group included in a single page
>]pdfTeX warning (ext4): destination with the same identifier (name{page.1}) ha
s been already used, duplicate ignored
<to be read again> 
                   \relax 
l.111 \maketitle
                 [1


]
LaTeX Font Info:    Font shape `T1/ptm/bx/n' in size <20.74> not available
(Font)              Font shape `T1/ptm/b/n' tried instead on input line 111.
LaTeX Font Info:    Font shape `T1/ptm/bx/n' in size <14.4> not available
(Font)              Font shape `T1/ptm/b/n' tried instead on input line 111.
 [2

] [3


]
LaTeX Font Info:    Font shape `T1/ptm/bx/n' in size <24.88> not available
(Font)              Font shape `T1/ptm/b/n' tried instead on input line 125.
 (./Rapport.toc [4


])
\tf@toc=\write5
\openout5 = `Rapport.toc'.

 [5]
LaTeX Font Info:    Try loading font information for OMS+ptm on input line 134.


(/usr/share/texlive/texmf-dist/tex/latex/psnfss/omsptm.fd
File: omsptm.fd 
)
LaTeX Font Info:    Font shape `OMS/ptm/m/n' in size <10.95> not available
(Font)              Font shape `OMS/cmsy/m/n' tried instead on input line 134.
 [6


]
Underfull \hbox (badness 4036) in paragraph at lines 189--195
[]\T1/ptm/b/n/10.95 Typographie\T1/ptm/m/n/10.95 .  Sou-li-gnons aussi que des
 []


LaTeX Warning: Citation `Wolfe' on page 7 undefined on input line 211.

[7]
Chapitre 1.
[8

]

LaTeX Warning: Reference `chap:Experimentations' on page 9 undefined on input l
ine 264.

[9]
Chapitre 2.

LaTeX Warning: Reference `ann:Rappels' on page 10 undefined on input line 286.


Underfull \hbox (badness 1590) in paragraph at lines 285--287
[]\T1/ptm/m/n/10.95 Les connais-sances de por-tée gé-né-rale, celle de
 []


Underfull \hbox (badness 1400) in paragraph at lines 289--291
[]\T1/ptm/m/n/10.95 Normalement, les pro-po-si-tions an-té-rieures ne per-
 []


Underfull \hbox (badness 1038) in paragraph at lines 293--294
[]\T1/ptm/m/n/10.95 contiendra la ré-dac-tion d'un nou-veau pro-blème,
 []

[10

]

LaTeX Warning: Reference `ann:Citations' on page 11 undefined on input line 319
.


LaTeX Warning: Reference `ann:Plagiat' on page 11 undefined on input line 319.

LaTeX Font Info:    Font shape `T1/ptm/bx/it' in size <10.95> not available
(Font)              Font shape `T1/ptm/b/it' tried instead on input line 319.

LaTeX Warning: Citation `Wolfe' on page 11 undefined on input line 325.

LaTeX Font Info:    Font shape `T1/ptm/bx/n' in size <9> not available
(Font)              Font shape `T1/ptm/b/n' tried instead on input line 325.

LaTeX Warning: Citation `Wolfe' on page 11 undefined on input line 325.


Underfull \hbox (badness 10000) in paragraph at lines 325--325
[][][][][]$\T1/pcr/m/n/9 http : / / docinsa . insa-[]lyon . fr / sapristi / ind
ex .
 []


Underfull \hbox (badness 10000) in paragraph at lines 325--325
[][][][][]$\T1/pcr/m/n/9 http : / / www . tlfq . ulaval . ca / axl / monde /
 []


Underfull \hbox (badness 10000) in paragraph at lines 325--325
[][]$\T1/pcr/m/n/9 http : / / www9 . georgetown . edu / faculty / spielmag /
 []


Underfull \vbox (badness 10000) has occurred while \output is active []

 [11]
Underfull \hbox (badness 1412) in paragraph at lines 331--332
[]\T1/ptm/m/n/10.95 Une pré-sen-ta-tion claire et syn-thé-tique ré-sume les
 []


LaTeX Warning: Reference `ann:FichesLecture' on page 12 undefined on input line
 335.


Underfull \hbox (badness 1917) in paragraph at lines 333--336
[]\T1/ptm/m/n/10.95 Cette pré-sen-ta-tion doit être ob-jec-tive. En d'autre
 []


Underfull \hbox (badness 1158) in paragraph at lines 336--339
[]\T1/ptm/b/n/10.95 Structuration\T1/ptm/m/n/10.95 .  Cette sous-section peut, 
et
 []


Underfull \hbox (badness 1924) in paragraph at lines 350--354
[]\T1/ptm/m/n/10.95 Inversement, des sec-tions ou cha-pitre trop
 []

[12]
Underfull \hbox (badness 1062) in paragraph at lines 421--427
\T1/ptm/m/n/10.95 être sys-té-ma-ti-que-ment pla-cés dans des élé-
 []


Underfull \vbox (badness 10000) has occurred while \output is active []

 [13pdfTeX warning (ext4): destination with the same identifier (name{table.2.1
}) has been already used, duplicate ignored

\AtBegShi@Output ...ipout \box \AtBeginShipoutBox 
                                                  \fi \fi 
l.432 
      ] [14pdfTeX warning (ext4): destination with the same identifier (name{ta
ble.2.2}) has been already used, duplicate ignored

\AtBegShi@Output ...ipout \box \AtBeginShipoutBox 
                                                  \fi \fi 
l.441 \chapter
              {Propositions}

]
Chapitre 3.
[15

] (/usr/share/texlive/texmf-dist/tex/latex/listings/lstlang1.sty
File: lstlang1.sty 2015/06/04 1.6 listings language file
)
Package hyperref Info: bookmark level for unknown lstlisting defaults to 0 on i
nput line 508.
 (./pgcd.py)
Package hyperref Info: bookmark level for unknown algorithm defaults to 0 on in
put line 527.


LaTeX Warning: Float too large for page by 32.86479pt on input line 529.


LaTeX Warning: Reference `chap:Experimentations' on page 16 undefined on input 
line 557.

[16] [17]
Chapitre 4.
[18


] [19pdfTeX warning (ext4): destination with the same identifier (name{figure.4
.1}) has been already used, duplicate ignored

\AtBegShi@Output ...ipout \box \AtBeginShipoutBox 
                                                  \fi \fi 
l.589 \chapter
              {Fiches de suivi}pdfTeX warning (ext4): destination with the same
 identifier (name{figure.4.2}) has been already used, duplicate ignored

\AtBegShi@Output ...ipout \box \AtBeginShipoutBox 
                                                  \fi \fi 
l.589 \chapter
              {Fiches de suivi}]
Chapitre 5.
[20


]
Underfull \vbox (badness 6032) has occurred while \output is active []


Underfull \vbox (badness 6995) has occurred while \output is active []

 [21]
Underfull \vbox (badness 6995) has occurred while \output is active []


Underfull \vbox (badness 6995) has occurred while \output is active []

 [22]
Underfull \vbox (badness 6995) has occurred while \output is active []


Underfull \vbox (badness 6995) has occurred while \output is active []

 [23]
Underfull \vbox (badness 6995) has occurred while \output is active []


Underfull \vbox (badness 6995) has occurred while \output is active []

 [24]
(./report-rd-summary.tex) [25

] [26pdfTeX warning (ext4): destination with the same identifier (name{table.5.
1}) has been already used, duplicate ignored

\AtBegShi@Output ...ipout \box \AtBeginShipoutBox 
                                                  \fi \fi 
l.929 \chapter
              {Auto-contrôle et auto-évaluation}]
Chapitre 6.
<Images/Grille-Evaluation-PRD1.pdf, id=395, 597.23125pt x 845.1575pt>
File: Images/Grille-Evaluation-PRD1.pdf Graphic file (type pdf)
<use Images/Grille-Evaluation-PRD1.pdf>
Package pdftex.def Info: Images/Grille-Evaluation-PRD1.pdf  used on input line 
951.
(pdftex.def)             Requested size: 384.1096pt x 543.56844pt.

Overfull \hbox (17.19244pt too wide) in paragraph at lines 951--955
 [][] 
 []

<Images/Grille-Evaluation-PRD2.pdf, id=397, 597.23125pt x 845.1575pt>
File: Images/Grille-Evaluation-PRD2.pdf Graphic file (type pdf)
<use Images/Grille-Evaluation-PRD2.pdf>
Package pdftex.def Info: Images/Grille-Evaluation-PRD2.pdf  used on input line 
969.
(pdftex.def)             Requested size: 384.1096pt x 543.56844pt.

Overfull \hbox (17.19244pt too wide) in paragraph at lines 969--973
 [][] 
 []

Package atveryend Info: Empty hook `BeforeClearDocument' on input line 977.
[27


] [28pdfTeX warning (ext4): destination with the same identifier (name{figure.6
.1}) has been already used, duplicate ignored

\AtBegShi@Output ...ipout \box \AtBeginShipoutBox 
                                                  \fi \fi 
l.977 \end{document}
                     <./Images/Grille-Evaluation-PRD1.pdf>] [29pdfTeX warning (
ext4): destination with the same identifier (name{figure.6.2}) has been already
 used, duplicate ignored

\AtBegShi@Output ...ipout \box \AtBeginShipoutBox 
                                                  \fi \fi 
l.977 \end{document}
                     <./Images/Grille-Evaluation-PRD2.pdf>]
Package atveryend Info: Empty hook `AfterLastShipout' on input line 977.
 (./Rapport.aux)
Package atveryend Info: Executing hook `AtVeryEndDocument' on input line 977.
Package atveryend Info: Executing hook `AtEndAfterFileList' on input line 977.
Package rerunfilecheck Info: File `Rapport.out' has not changed.
(rerunfilecheck)             Checksum: 7C104597634405D0362BD143F92C92EE;1413.


LaTeX Warning: There were undefined references.

Package atveryend Info: Empty hook `AtVeryVeryEnd' on input line 977.
 ) 
Here is how much of TeX's memory you used:
 11276 strings out of 492982
 157376 string characters out of 6134895
 312125 words of memory out of 5000000
 14482 multiletter control sequences out of 15000+600000
 84634 words of font info for 90 fonts, out of 8000000 for 9000
 1141 hyphenation exceptions out of 8191
 39i,10n,43p,1149b,1437s stack positions out of 5000i,500n,10000p,200000b,80000s
pdfTeX warning (dest): name{sem\\penalty\040\\@M\040\040:18} has been referen
ced but does not exist, replaced by a fixed one

pdfTeX warning (dest): name{sem\\penalty\040\\@M\040\040:17} has been reference
d but does not exist, replaced by a fixed one

pdfTeX warning (dest): name{sem\\penalty\040\\@M\040\040:16} has been reference
d but does not exist, replaced by a fixed one

pdfTeX warning (dest): name{sem\\penalty\040\\@M\040\040:15} has been reference
d but does not exist, replaced by a fixed one

pdfTeX warning (dest): name{sem\\penalty\040\\@M\040\040:14} has been reference
d but does not exist, replaced by a fixed one

pdfTeX warning (dest): name{sem\\penalty\040\\@M\040\040:13} has been reference
d but does not exist, replaced by a fixed one

pdfTeX warning (dest): name{sem\\penalty\040\\@M\040\040:12} has been reference
d but does not exist, replaced by a fixed one

pdfTeX warning (dest): name{sem\\penalty\040\\@M\040\040:11} has been reference
d but does not exist, replaced by a fixed one

pdfTeX warning (dest): name{sem\\penalty\040\\@M\040\040:10} has been reference
d but does not exist, replaced by a fixed one

pdfTeX warning (dest): name{sem\\penalty\040\\@M\040\040:9} has been referenced
 but does not exist, replaced by a fixed one

pdfTeX warning (dest): name{sem\\penalty\040\\@M\040\040:8} has been referenced
 but does not exist, replaced by a fixed one

pdfTeX warning (dest): name{sem\\penalty\040\\@M\040\040:7} has been referenced
 but does not exist, replaced by a fixed one

pdfTeX warning (dest): name{sem\\penalty\040\\@M\040\040:6} has been referenced
 but does not exist, replaced by a fixed one

pdfTeX warning (dest): name{sem\\penalty\040\\@M\040\040:5} has been referenced
 but does not exist, replaced by a fixed one

pdfTeX warning (dest): name{sem\\penalty\040\\@M\040\040:4} has been referenced
 but does not exist, replaced by a fixed one

pdfTeX warning (dest): name{sem\\penalty\040\\@M\040\040:3} has been referenced
 but does not exist, replaced by a fixed one

pdfTeX warning (dest): name{sem\\penalty\040\\@M\040\040:2} has been referenced
 but does not exist, replaced by a fixed one

pdfTeX warning (dest): name{sem\\penalty\040\\@M\040\040:1} has been referenced
 but does not exist, replaced by a fixed one

{/usr/share/texlive/texmf-dist/fonts/enc/dvips/base/8r.enc}</usr/share/texlive/
texmf-dist/fonts/type1/public/amsfonts/cm/cmex10.pfb></usr/share/texlive/texmf-
dist/fonts/type1/public/amsfonts/cm/cmmi10.pfb></usr/share/texlive/texmf-dist/f
onts/type1/public/amsfonts/cm/cmmi8.pfb></usr/share/texlive/texmf-dist/fonts/ty
pe1/public/amsfonts/cm/cmr10.pfb></usr/share/texlive/texmf-dist/fonts/type1/pub
lic/amsfonts/cm/cmr8.pfb></usr/share/texlive/texmf-dist/fonts/type1/public/amsf
onts/cm/cmsy10.pfb></usr/share/texlive/texmf-dist/fonts/type1/public/amsfonts/c
m/cmsy8.pfb></usr/share/texlive/texmf-dist/fonts/type1/public/amsfonts/symbols/
msam10.pfb></usr/share/texlive/texmf-dist/fonts/type1/public/amsfonts/symbols/m
sbm10.pfb></usr/share/texlive/texmf-dist/fonts/type1/urw/courier/ucrr8a.pfb></u
sr/share/texlive/texmf-dist/fonts/type1/urw/times/utmb8a.pfb></usr/share/texliv
e/texmf-dist/fonts/type1/urw/times/utmb8a.pfb></usr/share/texlive/texmf-dist/fo
nts/type1/urw/times/utmbi8a.pfb></usr/share/texlive/texmf-dist/fonts/type1/urw/
times/utmr8a.pfb></usr/share/texlive/texmf-dist/fonts/type1/urw/times/utmr8a.pf
b></usr/share/texlive/texmf-dist/fonts/type1/urw/times/utmri8a.pfb>
Output written on Rapport.pdf (30 pages, 337263 bytes).
PDF statistics:
 542 PDF objects out of 1000 (max. 8388607)
 469 compressed objects within 5 object streams
 149 named destinations out of 1000 (max. 500000)
 215 words of extra memory for PDF output out of 10000 (max. 10000000)

