\BOOKMARK [0][]{chapter*.3}{Pr\351ambule}{}% 1
\BOOKMARK [0][]{chapter.1}{Introduction}{}% 2
\BOOKMARK [1][-]{section.1.1}{Pr\351sentation de la probl\351matique}{chapter.1}% 3
\BOOKMARK [1][-]{section.1.2}{Objectifs poursuivis}{chapter.1}% 4
\BOOKMARK [1][-]{section.1.3}{Travail r\351alis\351}{chapter.1}% 5
\BOOKMARK [1][-]{section.1.4}{Contribution}{chapter.1}% 6
\BOOKMARK [1][-]{section.1.5}{Plan de l'\351tude}{chapter.1}% 7
\BOOKMARK [0][]{chapter.2}{\311tat de l'art}{}% 8
\BOOKMARK [1][-]{section.2.1}{Une proposition i}{chapter.2}% 9
\BOOKMARK [2][-]{subsection.2.1.1}{Pr\351sentation}{section.2.1}% 10
\BOOKMARK [2][-]{subsection.2.1.2}{Analyse}{section.2.1}% 11
\BOOKMARK [1][-]{section.2.2}{R\351capitulatif}{chapter.2}% 12
\BOOKMARK [1][-]{section.2.3}{Conclusion}{chapter.2}% 13
\BOOKMARK [0][]{chapter.3}{Propositions}{}% 14
\BOOKMARK [1][-]{section.3.1}{Notre proposition i}{chapter.3}% 15
\BOOKMARK [2][-]{subsection.3.1.1}{Id\351es pr\351liminaires}{section.3.1}% 16
\BOOKMARK [2][-]{subsection.3.1.2}{Formalisation}{section.3.1}% 17
\BOOKMARK [2][-]{subsection.3.1.3}{D\351monstration}{section.3.1}% 18
\BOOKMARK [2][-]{subsection.3.1.4}{Analyse}{section.3.1}% 19
\BOOKMARK [1][-]{section.3.2}{Conclusion}{chapter.3}% 20
\BOOKMARK [0][]{chapter.4}{Planification}{}% 21
\BOOKMARK [0][]{chapter.5}{Fiches de suivi}{}% 22
\BOOKMARK [0][]{chapter.6}{Auto-contr\364le et auto-\351valuation}{}% 23
